<?xml version="1.0" encoding="UTF-8"?>
<!-- Generated by org.testng.reporters.JUnitReportReporter -->
<testsuite hostname="LAPTOP-FORU392P" failures="0" tests="1" name="com.assignment.two.testcases.TC02" time="4.632" errors="0" timestamp="2021-11-14T18:38:09 IST" skipped="0">
  <testcase classname="com.assignment.two.testcases.TC02" name="tc02" time="4.632"/>
  <system-out/>
</testsuite> <!-- com.assignment.two.testcases.TC02 -->
